<?xml version="1.0" encoding="UTF-8"?>
<!-- Generated by org.testng.reporters.JUnitReportReporter -->
<testsuite hostname="DESKTOP-V3GNBAL" failures="0" tests="1" name="com.facebook.framework.framework" time="26.499" errors="0" timestamp="2022-07-07T11:07:54 IST" skipped="0">
  <testcase classname="com.facebook.framework.framework" name="TC_001" time="26.499"/>
  <system-out/>
</testsuite> <!-- com.facebook.framework.framework -->
