<?xml version="1.0" encoding="UTF-8"?>
<!-- Generated by org.testng.reporters.JUnitReportReporter -->
<testsuite hostname="DESKTOP-V3GNBAL" failures="0" tests="1" name="com.facebook.test.regression" time="40.820" errors="0" timestamp="2022-07-09T11:15:49 IST" skipped="0">
  <testcase classname="com.facebook.test.regression" name="TC_001" time="40.820"/>
  <system-out/>
</testsuite> <!-- com.facebook.test.regression -->
